#-----------------------------------------------------------
# Vivado v2018.2 (64-bit)
# SW Build 2258646 on Thu Jun 14 20:03:12 MDT 2018
# IP Build 2256618 on Thu Jun 14 22:10:49 MDT 2018
# Start of session at: Wed Mar 20 22:13:29 2024
# Process ID: 26604
# Current directory: C:/Users/Luo Zhiyang/OneDrive - National University of Singapore/Y2S2/EE2026/Project/MODS_Final_Project.xpr/MODS
# Command line: vivado.exe -gui_launcher_event rodinguilauncherevent27368 C:\Users\Luo Zhiyang\OneDrive - National University of Singapore\Y2S2\EE2026\Project\MODS_Final_Project.xpr\MODS\MODS.xpr
# Log file: C:/Users/Luo Zhiyang/OneDrive - National University of Singapore/Y2S2/EE2026/Project/MODS_Final_Project.xpr/MODS/vivado.log
# Journal file: C:/Users/Luo Zhiyang/OneDrive - National University of Singapore/Y2S2/EE2026/Project/MODS_Final_Project.xpr/MODS\vivado.jou
#-----------------------------------------------------------
start_gui
open_project {C:/Users/Luo Zhiyang/OneDrive - National University of Singapore/Y2S2/EE2026/Project/MODS_Final_Project.xpr/MODS/MODS.xpr}
INFO: [ProjectBase 1-489] The host OS only allows 260 characters in a normal path. The project is stored in a path with more than 80 characters. If you experience issues with IP, Block Designs, or files not being found, please consider moving the project to a location with a shorter path. Alternately consider using the OS subst command to map part of the path to a drive letter.
Current project path is 'C:/Users/Luo Zhiyang/OneDrive - National University of Singapore/Y2S2/EE2026/Project/MODS_Final_Project.xpr/MODS'
INFO: [Project 1-313] Project file moved from 'C:/Users/Luo Zhiyang/OneDrive - National University of Singapore/Y2S2/EE2026/Project/MODS_Group.xpr/MODS' since last save.
Scanning sources...
Finished scanning sources
INFO: [IP_Flow 19-234] Refreshing IP repositories
INFO: [IP_Flow 19-1704] No user IP repositories specified
INFO: [IP_Flow 19-2313] Loaded Vivado IP repository 'D:/Xilinx_Vivado_SDK_2018.2_0614_1954/Vivado/2018.2/data/ip'.
open_project: Time (s): cpu = 00:00:09 ; elapsed = 00:00:21 . Memory (MB): peak = 824.047 ; gain = 93.273
close [ open {C:/Users/Luo Zhiyang/OneDrive - National University of Singapore/Y2S2/EE2026/Project/MODS_Final_Project.xpr/MODS/MODS.srcs/sources_1/new/vga_sync.v} w ]
add_files {{C:/Users/Luo Zhiyang/OneDrive - National University of Singapore/Y2S2/EE2026/Project/MODS_Final_Project.xpr/MODS/MODS.srcs/sources_1/new/vga_sync.v}}
set_property top vga_test [current_fileset]
reset_run synth_1
launch_runs impl_1 -jobs 8
INFO: [Vivado 12-4149] The synthesis checkpoint for IP 'C:/Users/Luo Zhiyang/OneDrive - National University of Singapore/Y2S2/EE2026/Project/MODS_Final_Project.xpr/MODS/MODS.srcs/sources_1/ip/blk_mem_gen_inter/blk_mem_gen_inter.xci' is already up-to-date
INFO: [Vivado 12-4149] The synthesis checkpoint for IP 'C:/Users/Luo Zhiyang/OneDrive - National University of Singapore/Y2S2/EE2026/Project/MODS_Final_Project.xpr/MODS/MODS.srcs/sources_1/ip/blk_mem_gen_0_1/blk_mem_gen_0.xci' is already up-to-date
[Wed Mar 20 22:32:06 2024] Launched synth_1...
Run output will be captured here: C:/Users/Luo Zhiyang/OneDrive - National University of Singapore/Y2S2/EE2026/Project/MODS_Final_Project.xpr/MODS/MODS.runs/synth_1/runme.log
[Wed Mar 20 22:32:06 2024] Launched impl_1...
Run output will be captured here: C:/Users/Luo Zhiyang/OneDrive - National University of Singapore/Y2S2/EE2026/Project/MODS_Final_Project.xpr/MODS/MODS.runs/impl_1/runme.log
exit
INFO: [Common 17-206] Exiting Vivado at Wed Mar 20 22:37:55 2024...
