#-----------------------------------------------------------
# Vivado v2018.2 (64-bit)
# SW Build 2258646 on Thu Jun 14 20:03:12 MDT 2018
# IP Build 2256618 on Thu Jun 14 22:10:49 MDT 2018
# Start of session at: Sat Mar 16 22:00:02 2024
# Process ID: 24844
# Current directory: C:/Users/Luo Zhiyang/OneDrive - National University of Singapore/Y2S2/EE2026/Project/MODS_Group.xpr/MODS
# Command line: vivado.exe -gui_launcher_event rodinguilauncherevent28600 C:\Users\Luo Zhiyang\OneDrive - National University of Singapore\Y2S2\EE2026\Project\MODS_Group.xpr\MODS\MODS.xpr
# Log file: C:/Users/Luo Zhiyang/OneDrive - National University of Singapore/Y2S2/EE2026/Project/MODS_Group.xpr/MODS/vivado.log
# Journal file: C:/Users/Luo Zhiyang/OneDrive - National University of Singapore/Y2S2/EE2026/Project/MODS_Group.xpr/MODS\vivado.jou
#-----------------------------------------------------------
start_gui
open_project {C:/Users/Luo Zhiyang/OneDrive - National University of Singapore/Y2S2/EE2026/Project/MODS_Group.xpr/MODS/MODS.xpr}
INFO: [ProjectBase 1-489] The host OS only allows 260 characters in a normal path. The project is stored in a path with more than 80 characters. If you experience issues with IP, Block Designs, or files not being found, please consider moving the project to a location with a shorter path. Alternately consider using the OS subst command to map part of the path to a drive letter.
Current project path is 'C:/Users/Luo Zhiyang/OneDrive - National University of Singapore/Y2S2/EE2026/Project/MODS_Group.xpr/MODS'
INFO: [Project 1-313] Project file moved from 'C:/Users/Luo Zhiyang/OneDrive - National University of Singapore/Y2S2/EE2026/Project/MODS.xpr/MODS' since last save.
Scanning sources...
Finished scanning sources
INFO: [IP_Flow 19-234] Refreshing IP repositories
INFO: [IP_Flow 19-1704] No user IP repositories specified
INFO: [IP_Flow 19-2313] Loaded Vivado IP repository 'D:/Xilinx_Vivado_SDK_2018.2_0614_1954/Vivado/2018.2/data/ip'.
open_project: Time (s): cpu = 00:00:04 ; elapsed = 00:00:05 . Memory (MB): peak = 871.285 ; gain = 166.477
close [ open {C:/Users/Luo Zhiyang/OneDrive - National University of Singapore/Y2S2/EE2026/Project/MODS_Group.xpr/MODS/MODS.srcs/sources_1/new/task_b.v} w ]
add_files {{C:/Users/Luo Zhiyang/OneDrive - National University of Singapore/Y2S2/EE2026/Project/MODS_Group.xpr/MODS/MODS.srcs/sources_1/new/task_b.v}}
close [ open {C:/Users/Luo Zhiyang/OneDrive - National University of Singapore/Y2S2/EE2026/Project/MODS_Group.xpr/MODS/MODS.srcs/sources_1/new/counter.v} w ]
add_files {{C:/Users/Luo Zhiyang/OneDrive - National University of Singapore/Y2S2/EE2026/Project/MODS_Group.xpr/MODS/MODS.srcs/sources_1/new/counter.v}}
close [ open {C:/Users/Luo Zhiyang/OneDrive - National University of Singapore/Y2S2/EE2026/Project/MODS_Group.xpr/MODS/MODS.srcs/sources_1/new/reach200ms.v} w ]
add_files {{C:/Users/Luo Zhiyang/OneDrive - National University of Singapore/Y2S2/EE2026/Project/MODS_Group.xpr/MODS/MODS.srcs/sources_1/new/reach200ms.v}}
close [ open {C:/Users/Luo Zhiyang/OneDrive - National University of Singapore/Y2S2/EE2026/Project/MODS_Group.xpr/MODS/MODS.srcs/sources_1/new/altcolour.v} w ]
add_files {{C:/Users/Luo Zhiyang/OneDrive - National University of Singapore/Y2S2/EE2026/Project/MODS_Group.xpr/MODS/MODS.srcs/sources_1/new/altcolour.v}}
close [ open {C:/Users/Luo Zhiyang/OneDrive - National University of Singapore/Y2S2/EE2026/Project/MODS_Group.xpr/MODS/MODS.srcs/sources_1/new/altstep.v} w ]
add_files {{C:/Users/Luo Zhiyang/OneDrive - National University of Singapore/Y2S2/EE2026/Project/MODS_Group.xpr/MODS/MODS.srcs/sources_1/new/altstep.v}}
reset_run synth_1
launch_runs impl_1 -to_step write_bitstream -jobs 8
INFO: [Vivado 12-4149] The synthesis checkpoint for IP 'C:/Users/Luo Zhiyang/OneDrive - National University of Singapore/Y2S2/EE2026/Project/MODS_Group.xpr/MODS/MODS.srcs/sources_1/ip/blk_mem_gen_inter/blk_mem_gen_inter.xci' is already up-to-date
INFO: [Vivado 12-4149] The synthesis checkpoint for IP 'C:/Users/Luo Zhiyang/OneDrive - National University of Singapore/Y2S2/EE2026/Project/MODS_Group.xpr/MODS/MODS.srcs/sources_1/ip/blk_mem_gen_0_1/blk_mem_gen_0.xci' is already up-to-date
[Sat Mar 16 22:24:19 2024] Launched synth_1...
Run output will be captured here: C:/Users/Luo Zhiyang/OneDrive - National University of Singapore/Y2S2/EE2026/Project/MODS_Group.xpr/MODS/MODS.runs/synth_1/runme.log
[Sat Mar 16 22:24:19 2024] Launched impl_1...
Run output will be captured here: C:/Users/Luo Zhiyang/OneDrive - National University of Singapore/Y2S2/EE2026/Project/MODS_Group.xpr/MODS/MODS.runs/impl_1/runme.log
reset_run synth_1
launch_runs impl_1 -to_step write_bitstream -jobs 8
INFO: [Vivado 12-4149] The synthesis checkpoint for IP 'C:/Users/Luo Zhiyang/OneDrive - National University of Singapore/Y2S2/EE2026/Project/MODS_Group.xpr/MODS/MODS.srcs/sources_1/ip/blk_mem_gen_inter/blk_mem_gen_inter.xci' is already up-to-date
INFO: [Vivado 12-4149] The synthesis checkpoint for IP 'C:/Users/Luo Zhiyang/OneDrive - National University of Singapore/Y2S2/EE2026/Project/MODS_Group.xpr/MODS/MODS.srcs/sources_1/ip/blk_mem_gen_0_1/blk_mem_gen_0.xci' is already up-to-date
[Sat Mar 16 22:25:14 2024] Launched synth_1...
Run output will be captured here: C:/Users/Luo Zhiyang/OneDrive - National University of Singapore/Y2S2/EE2026/Project/MODS_Group.xpr/MODS/MODS.runs/synth_1/runme.log
[Sat Mar 16 22:25:14 2024] Launched impl_1...
Run output will be captured here: C:/Users/Luo Zhiyang/OneDrive - National University of Singapore/Y2S2/EE2026/Project/MODS_Group.xpr/MODS/MODS.runs/impl_1/runme.log
reset_run synth_1
launch_runs impl_1 -to_step write_bitstream -jobs 8
INFO: [Vivado 12-4149] The synthesis checkpoint for IP 'C:/Users/Luo Zhiyang/OneDrive - National University of Singapore/Y2S2/EE2026/Project/MODS_Group.xpr/MODS/MODS.srcs/sources_1/ip/blk_mem_gen_inter/blk_mem_gen_inter.xci' is already up-to-date
INFO: [Vivado 12-4149] The synthesis checkpoint for IP 'C:/Users/Luo Zhiyang/OneDrive - National University of Singapore/Y2S2/EE2026/Project/MODS_Group.xpr/MODS/MODS.srcs/sources_1/ip/blk_mem_gen_0_1/blk_mem_gen_0.xci' is already up-to-date
[Sat Mar 16 22:26:51 2024] Launched synth_1...
Run output will be captured here: C:/Users/Luo Zhiyang/OneDrive - National University of Singapore/Y2S2/EE2026/Project/MODS_Group.xpr/MODS/MODS.runs/synth_1/runme.log
[Sat Mar 16 22:26:51 2024] Launched impl_1...
Run output will be captured here: C:/Users/Luo Zhiyang/OneDrive - National University of Singapore/Y2S2/EE2026/Project/MODS_Group.xpr/MODS/MODS.runs/impl_1/runme.log
reset_run synth_1
launch_runs impl_1 -to_step write_bitstream -jobs 8
INFO: [Vivado 12-4149] The synthesis checkpoint for IP 'C:/Users/Luo Zhiyang/OneDrive - National University of Singapore/Y2S2/EE2026/Project/MODS_Group.xpr/MODS/MODS.srcs/sources_1/ip/blk_mem_gen_inter/blk_mem_gen_inter.xci' is already up-to-date
INFO: [Vivado 12-4149] The synthesis checkpoint for IP 'C:/Users/Luo Zhiyang/OneDrive - National University of Singapore/Y2S2/EE2026/Project/MODS_Group.xpr/MODS/MODS.srcs/sources_1/ip/blk_mem_gen_0_1/blk_mem_gen_0.xci' is already up-to-date
[Sat Mar 16 22:28:07 2024] Launched synth_1...
Run output will be captured here: C:/Users/Luo Zhiyang/OneDrive - National University of Singapore/Y2S2/EE2026/Project/MODS_Group.xpr/MODS/MODS.runs/synth_1/runme.log
[Sat Mar 16 22:28:07 2024] Launched impl_1...
Run output will be captured here: C:/Users/Luo Zhiyang/OneDrive - National University of Singapore/Y2S2/EE2026/Project/MODS_Group.xpr/MODS/MODS.runs/impl_1/runme.log
reset_run synth_1
launch_runs impl_1 -to_step write_bitstream -jobs 8
INFO: [Vivado 12-4149] The synthesis checkpoint for IP 'C:/Users/Luo Zhiyang/OneDrive - National University of Singapore/Y2S2/EE2026/Project/MODS_Group.xpr/MODS/MODS.srcs/sources_1/ip/blk_mem_gen_inter/blk_mem_gen_inter.xci' is already up-to-date
INFO: [Vivado 12-4149] The synthesis checkpoint for IP 'C:/Users/Luo Zhiyang/OneDrive - National University of Singapore/Y2S2/EE2026/Project/MODS_Group.xpr/MODS/MODS.srcs/sources_1/ip/blk_mem_gen_0_1/blk_mem_gen_0.xci' is already up-to-date
[Sat Mar 16 22:31:04 2024] Launched synth_1...
Run output will be captured here: C:/Users/Luo Zhiyang/OneDrive - National University of Singapore/Y2S2/EE2026/Project/MODS_Group.xpr/MODS/MODS.runs/synth_1/runme.log
[Sat Mar 16 22:31:04 2024] Launched impl_1...
Run output will be captured here: C:/Users/Luo Zhiyang/OneDrive - National University of Singapore/Y2S2/EE2026/Project/MODS_Group.xpr/MODS/MODS.runs/impl_1/runme.log
open_hw
connect_hw_server
INFO: [Labtools 27-2285] Connecting to hw_server url TCP:localhost:3121
INFO: [Labtools 27-2222] Launching hw_server...
INFO: [Labtools 27-2221] Launch Output:

****** Xilinx hw_server v2018.2
  **** Build date : Jun 14 2018-20:42:52
    ** Copyright 1986-2018 Xilinx, Inc. All Rights Reserved.


open_hw_target
INFO: [Labtoolstcl 44-466] Opening hw_target localhost:3121/xilinx_tcf/Digilent/210183ACA95FA
set_property PROGRAM.FILE {C:/Users/Luo Zhiyang/OneDrive - National University of Singapore/Y2S2/EE2026/Project/MODS_Group.xpr/MODS/MODS.runs/impl_1/Top_Student.bit} [get_hw_devices xc7a35t_0]
current_hw_device [get_hw_devices xc7a35t_0]
refresh_hw_device -update_hw_probes false [lindex [get_hw_devices xc7a35t_0] 0]
INFO: [Labtools 27-1434] Device xc7a35t (JTAG device index = 0) is programmed with a design that has no supported debug core(s) in it.
WARNING: [Labtools 27-3361] The debug hub core was not detected.
Resolution: 
1. Make sure the clock connected to the debug hub (dbg_hub) core is a free running clock and is active.
2. Make sure the BSCAN_SWITCH_USER_MASK device property in Vivado Hardware Manager reflects the user scan chain setting in the design and refresh the device.  To determine the user scan chain setting in the design, open the implemented design and use 'get_property C_USER_SCAN_CHAIN [get_debug_cores dbg_hub]'.
For more details on setting the scan chain property, consult the Vivado Debug and Programming User Guide (UG908).
close [ open {C:/Users/Luo Zhiyang/OneDrive - National University of Singapore/Y2S2/EE2026/Project/MODS_Group.xpr/MODS/MODS.srcs/sources_1/new/task_c.v} w ]
add_files {{C:/Users/Luo Zhiyang/OneDrive - National University of Singapore/Y2S2/EE2026/Project/MODS_Group.xpr/MODS/MODS.srcs/sources_1/new/task_c.v}}
set_property PROBES.FILE {} [get_hw_devices xc7a35t_0]
set_property FULL_PROBES.FILE {} [get_hw_devices xc7a35t_0]
set_property PROGRAM.FILE {C:/Users/Luo Zhiyang/OneDrive - National University of Singapore/Y2S2/EE2026/Project/MODS_Group.xpr/MODS/MODS.runs/impl_1/Top_Student.bit} [get_hw_devices xc7a35t_0]
program_hw_devices [get_hw_devices xc7a35t_0]
INFO: [Labtools 27-3164] End of startup status: HIGH
refresh_hw_device [lindex [get_hw_devices xc7a35t_0] 0]
INFO: [Labtools 27-1434] Device xc7a35t (JTAG device index = 0) is programmed with a design that has no supported debug core(s) in it.
WARNING: [Labtools 27-3361] The debug hub core was not detected.
Resolution: 
1. Make sure the clock connected to the debug hub (dbg_hub) core is a free running clock and is active.
2. Make sure the BSCAN_SWITCH_USER_MASK device property in Vivado Hardware Manager reflects the user scan chain setting in the design and refresh the device.  To determine the user scan chain setting in the design, open the implemented design and use 'get_property C_USER_SCAN_CHAIN [get_debug_cores dbg_hub]'.
For more details on setting the scan chain property, consult the Vivado Debug and Programming User Guide (UG908).
reset_run synth_1
launch_runs impl_1 -to_step write_bitstream -jobs 8
INFO: [Vivado 12-4149] The synthesis checkpoint for IP 'C:/Users/Luo Zhiyang/OneDrive - National University of Singapore/Y2S2/EE2026/Project/MODS_Group.xpr/MODS/MODS.srcs/sources_1/ip/blk_mem_gen_inter/blk_mem_gen_inter.xci' is already up-to-date
INFO: [Vivado 12-4149] The synthesis checkpoint for IP 'C:/Users/Luo Zhiyang/OneDrive - National University of Singapore/Y2S2/EE2026/Project/MODS_Group.xpr/MODS/MODS.srcs/sources_1/ip/blk_mem_gen_0_1/blk_mem_gen_0.xci' is already up-to-date
[Sat Mar 16 22:44:05 2024] Launched synth_1...
Run output will be captured here: C:/Users/Luo Zhiyang/OneDrive - National University of Singapore/Y2S2/EE2026/Project/MODS_Group.xpr/MODS/MODS.runs/synth_1/runme.log
[Sat Mar 16 22:44:05 2024] Launched impl_1...
Run output will be captured here: C:/Users/Luo Zhiyang/OneDrive - National University of Singapore/Y2S2/EE2026/Project/MODS_Group.xpr/MODS/MODS.runs/impl_1/runme.log
reset_run synth_1
launch_runs impl_1 -to_step write_bitstream -jobs 8
INFO: [Vivado 12-4149] The synthesis checkpoint for IP 'C:/Users/Luo Zhiyang/OneDrive - National University of Singapore/Y2S2/EE2026/Project/MODS_Group.xpr/MODS/MODS.srcs/sources_1/ip/blk_mem_gen_inter/blk_mem_gen_inter.xci' is already up-to-date
INFO: [Vivado 12-4149] The synthesis checkpoint for IP 'C:/Users/Luo Zhiyang/OneDrive - National University of Singapore/Y2S2/EE2026/Project/MODS_Group.xpr/MODS/MODS.srcs/sources_1/ip/blk_mem_gen_0_1/blk_mem_gen_0.xci' is already up-to-date
[Sat Mar 16 22:45:02 2024] Launched synth_1...
Run output will be captured here: C:/Users/Luo Zhiyang/OneDrive - National University of Singapore/Y2S2/EE2026/Project/MODS_Group.xpr/MODS/MODS.runs/synth_1/runme.log
[Sat Mar 16 22:45:02 2024] Launched impl_1...
Run output will be captured here: C:/Users/Luo Zhiyang/OneDrive - National University of Singapore/Y2S2/EE2026/Project/MODS_Group.xpr/MODS/MODS.runs/impl_1/runme.log
reset_run synth_1
launch_runs impl_1 -to_step write_bitstream -jobs 8
INFO: [Vivado 12-4149] The synthesis checkpoint for IP 'C:/Users/Luo Zhiyang/OneDrive - National University of Singapore/Y2S2/EE2026/Project/MODS_Group.xpr/MODS/MODS.srcs/sources_1/ip/blk_mem_gen_inter/blk_mem_gen_inter.xci' is already up-to-date
INFO: [Vivado 12-4149] The synthesis checkpoint for IP 'C:/Users/Luo Zhiyang/OneDrive - National University of Singapore/Y2S2/EE2026/Project/MODS_Group.xpr/MODS/MODS.srcs/sources_1/ip/blk_mem_gen_0_1/blk_mem_gen_0.xci' is already up-to-date
[Sat Mar 16 22:46:29 2024] Launched synth_1...
Run output will be captured here: C:/Users/Luo Zhiyang/OneDrive - National University of Singapore/Y2S2/EE2026/Project/MODS_Group.xpr/MODS/MODS.runs/synth_1/runme.log
[Sat Mar 16 22:46:30 2024] Launched impl_1...
Run output will be captured here: C:/Users/Luo Zhiyang/OneDrive - National University of Singapore/Y2S2/EE2026/Project/MODS_Group.xpr/MODS/MODS.runs/impl_1/runme.log
reset_run synth_1
launch_runs impl_1 -to_step write_bitstream -jobs 8
INFO: [Vivado 12-4149] The synthesis checkpoint for IP 'C:/Users/Luo Zhiyang/OneDrive - National University of Singapore/Y2S2/EE2026/Project/MODS_Group.xpr/MODS/MODS.srcs/sources_1/ip/blk_mem_gen_inter/blk_mem_gen_inter.xci' is already up-to-date
INFO: [Vivado 12-4149] The synthesis checkpoint for IP 'C:/Users/Luo Zhiyang/OneDrive - National University of Singapore/Y2S2/EE2026/Project/MODS_Group.xpr/MODS/MODS.srcs/sources_1/ip/blk_mem_gen_0_1/blk_mem_gen_0.xci' is already up-to-date
[Sat Mar 16 22:51:05 2024] Launched synth_1...
Run output will be captured here: C:/Users/Luo Zhiyang/OneDrive - National University of Singapore/Y2S2/EE2026/Project/MODS_Group.xpr/MODS/MODS.runs/synth_1/runme.log
[Sat Mar 16 22:51:05 2024] Launched impl_1...
Run output will be captured here: C:/Users/Luo Zhiyang/OneDrive - National University of Singapore/Y2S2/EE2026/Project/MODS_Group.xpr/MODS/MODS.runs/impl_1/runme.log
close [ open {C:/Users/Luo Zhiyang/OneDrive - National University of Singapore/Y2S2/EE2026/Project/MODS_Group.xpr/MODS/MODS.srcs/sources_1/new/task_a.v} w ]
add_files {{C:/Users/Luo Zhiyang/OneDrive - National University of Singapore/Y2S2/EE2026/Project/MODS_Group.xpr/MODS/MODS.srcs/sources_1/new/task_a.v}}
reset_run synth_1
launch_runs impl_1 -to_step write_bitstream -jobs 8
INFO: [Vivado 12-4149] The synthesis checkpoint for IP 'C:/Users/Luo Zhiyang/OneDrive - National University of Singapore/Y2S2/EE2026/Project/MODS_Group.xpr/MODS/MODS.srcs/sources_1/ip/blk_mem_gen_inter/blk_mem_gen_inter.xci' is already up-to-date
INFO: [Vivado 12-4149] The synthesis checkpoint for IP 'C:/Users/Luo Zhiyang/OneDrive - National University of Singapore/Y2S2/EE2026/Project/MODS_Group.xpr/MODS/MODS.srcs/sources_1/ip/blk_mem_gen_0_1/blk_mem_gen_0.xci' is already up-to-date
[Sat Mar 16 23:01:18 2024] Launched synth_1...
Run output will be captured here: C:/Users/Luo Zhiyang/OneDrive - National University of Singapore/Y2S2/EE2026/Project/MODS_Group.xpr/MODS/MODS.runs/synth_1/runme.log
[Sat Mar 16 23:01:18 2024] Launched impl_1...
Run output will be captured here: C:/Users/Luo Zhiyang/OneDrive - National University of Singapore/Y2S2/EE2026/Project/MODS_Group.xpr/MODS/MODS.runs/impl_1/runme.log
close [ open {C:/Users/Luo Zhiyang/OneDrive - National University of Singapore/Y2S2/EE2026/Project/MODS_Group.xpr/MODS/MODS.srcs/sources_1/new/counter_a.v} w ]
add_files {{C:/Users/Luo Zhiyang/OneDrive - National University of Singapore/Y2S2/EE2026/Project/MODS_Group.xpr/MODS/MODS.srcs/sources_1/new/counter_a.v}}
reset_run synth_1
launch_runs impl_1 -to_step write_bitstream -jobs 8
INFO: [Vivado 12-4149] The synthesis checkpoint for IP 'C:/Users/Luo Zhiyang/OneDrive - National University of Singapore/Y2S2/EE2026/Project/MODS_Group.xpr/MODS/MODS.srcs/sources_1/ip/blk_mem_gen_inter/blk_mem_gen_inter.xci' is already up-to-date
INFO: [Vivado 12-4149] The synthesis checkpoint for IP 'C:/Users/Luo Zhiyang/OneDrive - National University of Singapore/Y2S2/EE2026/Project/MODS_Group.xpr/MODS/MODS.srcs/sources_1/ip/blk_mem_gen_0_1/blk_mem_gen_0.xci' is already up-to-date
[Sat Mar 16 23:04:34 2024] Launched synth_1...
Run output will be captured here: C:/Users/Luo Zhiyang/OneDrive - National University of Singapore/Y2S2/EE2026/Project/MODS_Group.xpr/MODS/MODS.runs/synth_1/runme.log
[Sat Mar 16 23:04:34 2024] Launched impl_1...
Run output will be captured here: C:/Users/Luo Zhiyang/OneDrive - National University of Singapore/Y2S2/EE2026/Project/MODS_Group.xpr/MODS/MODS.runs/impl_1/runme.log
reset_run synth_1
launch_runs impl_1 -to_step write_bitstream -jobs 8
INFO: [Vivado 12-4149] The synthesis checkpoint for IP 'C:/Users/Luo Zhiyang/OneDrive - National University of Singapore/Y2S2/EE2026/Project/MODS_Group.xpr/MODS/MODS.srcs/sources_1/ip/blk_mem_gen_inter/blk_mem_gen_inter.xci' is already up-to-date
INFO: [Vivado 12-4149] The synthesis checkpoint for IP 'C:/Users/Luo Zhiyang/OneDrive - National University of Singapore/Y2S2/EE2026/Project/MODS_Group.xpr/MODS/MODS.srcs/sources_1/ip/blk_mem_gen_0_1/blk_mem_gen_0.xci' is already up-to-date
[Sat Mar 16 23:08:56 2024] Launched synth_1...
Run output will be captured here: C:/Users/Luo Zhiyang/OneDrive - National University of Singapore/Y2S2/EE2026/Project/MODS_Group.xpr/MODS/MODS.runs/synth_1/runme.log
[Sat Mar 16 23:08:56 2024] Launched impl_1...
Run output will be captured here: C:/Users/Luo Zhiyang/OneDrive - National University of Singapore/Y2S2/EE2026/Project/MODS_Group.xpr/MODS/MODS.runs/impl_1/runme.log
set_property PROBES.FILE {} [get_hw_devices xc7a35t_0]
set_property FULL_PROBES.FILE {} [get_hw_devices xc7a35t_0]
set_property PROGRAM.FILE {C:/Users/Luo Zhiyang/OneDrive - National University of Singapore/Y2S2/EE2026/Project/MODS_Group.xpr/MODS/MODS.runs/impl_1/Top_Student.bit} [get_hw_devices xc7a35t_0]
program_hw_devices [get_hw_devices xc7a35t_0]
INFO: [Labtools 27-3164] End of startup status: HIGH
refresh_hw_device [lindex [get_hw_devices xc7a35t_0] 0]
INFO: [Labtools 27-1434] Device xc7a35t (JTAG device index = 0) is programmed with a design that has no supported debug core(s) in it.
WARNING: [Labtools 27-3361] The debug hub core was not detected.
Resolution: 
1. Make sure the clock connected to the debug hub (dbg_hub) core is a free running clock and is active.
2. Make sure the BSCAN_SWITCH_USER_MASK device property in Vivado Hardware Manager reflects the user scan chain setting in the design and refresh the device.  To determine the user scan chain setting in the design, open the implemented design and use 'get_property C_USER_SCAN_CHAIN [get_debug_cores dbg_hub]'.
For more details on setting the scan chain property, consult the Vivado Debug and Programming User Guide (UG908).
ERROR: [Labtoolstcl 44-513] HW Target shutdown. Closing target: localhost:3121/xilinx_tcf/Digilent/210183ACA95FA
INFO: [Labtoolstcl 44-466] Opening hw_target localhost:3121/xilinx_tcf/Digilent/210183ACA95FA
INFO: [Labtools 27-1434] Device xc7a35t (JTAG device index = 0) is programmed with a design that has no supported debug core(s) in it.
WARNING: [Labtools 27-3361] The debug hub core was not detected.
Resolution: 
1. Make sure the clock connected to the debug hub (dbg_hub) core is a free running clock and is active.
2. Make sure the BSCAN_SWITCH_USER_MASK device property in Vivado Hardware Manager reflects the user scan chain setting in the design and refresh the device.  To determine the user scan chain setting in the design, open the implemented design and use 'get_property C_USER_SCAN_CHAIN [get_debug_cores dbg_hub]'.
For more details on setting the scan chain property, consult the Vivado Debug and Programming User Guide (UG908).
WARNING: [Labtoolstcl 44-129] No matching hw_ila_data was found.
set_property PROBES.FILE {} [get_hw_devices xc7a35t_0]
set_property FULL_PROBES.FILE {} [get_hw_devices xc7a35t_0]
set_property PROGRAM.FILE {C:/Users/Luo Zhiyang/OneDrive - National University of Singapore/Y2S2/EE2026/Project/MODS_Group.xpr/MODS/MODS.runs/impl_1/Top_Student.bit} [get_hw_devices xc7a35t_0]
program_hw_devices [get_hw_devices xc7a35t_0]
INFO: [Labtools 27-3164] End of startup status: HIGH
refresh_hw_device [lindex [get_hw_devices xc7a35t_0] 0]
INFO: [Labtools 27-1434] Device xc7a35t (JTAG device index = 0) is programmed with a design that has no supported debug core(s) in it.
WARNING: [Labtools 27-3361] The debug hub core was not detected.
Resolution: 
1. Make sure the clock connected to the debug hub (dbg_hub) core is a free running clock and is active.
2. Make sure the BSCAN_SWITCH_USER_MASK device property in Vivado Hardware Manager reflects the user scan chain setting in the design and refresh the device.  To determine the user scan chain setting in the design, open the implemented design and use 'get_property C_USER_SCAN_CHAIN [get_debug_cores dbg_hub]'.
For more details on setting the scan chain property, consult the Vivado Debug and Programming User Guide (UG908).
reset_run synth_1
launch_runs impl_1 -to_step write_bitstream -jobs 8
INFO: [Vivado 12-4149] The synthesis checkpoint for IP 'C:/Users/Luo Zhiyang/OneDrive - National University of Singapore/Y2S2/EE2026/Project/MODS_Group.xpr/MODS/MODS.srcs/sources_1/ip/blk_mem_gen_inter/blk_mem_gen_inter.xci' is already up-to-date
INFO: [Vivado 12-4149] The synthesis checkpoint for IP 'C:/Users/Luo Zhiyang/OneDrive - National University of Singapore/Y2S2/EE2026/Project/MODS_Group.xpr/MODS/MODS.srcs/sources_1/ip/blk_mem_gen_0_1/blk_mem_gen_0.xci' is already up-to-date
[Sat Mar 16 23:16:44 2024] Launched synth_1...
Run output will be captured here: C:/Users/Luo Zhiyang/OneDrive - National University of Singapore/Y2S2/EE2026/Project/MODS_Group.xpr/MODS/MODS.runs/synth_1/runme.log
[Sat Mar 16 23:16:44 2024] Launched impl_1...
Run output will be captured here: C:/Users/Luo Zhiyang/OneDrive - National University of Singapore/Y2S2/EE2026/Project/MODS_Group.xpr/MODS/MODS.runs/impl_1/runme.log
set_property PROBES.FILE {} [get_hw_devices xc7a35t_0]
set_property FULL_PROBES.FILE {} [get_hw_devices xc7a35t_0]
set_property PROGRAM.FILE {C:/Users/Luo Zhiyang/OneDrive - National University of Singapore/Y2S2/EE2026/Project/MODS_Group.xpr/MODS/MODS.runs/impl_1/Top_Student.bit} [get_hw_devices xc7a35t_0]
program_hw_devices [get_hw_devices xc7a35t_0]
INFO: [Labtools 27-3164] End of startup status: HIGH
refresh_hw_device [lindex [get_hw_devices xc7a35t_0] 0]
INFO: [Labtools 27-1434] Device xc7a35t (JTAG device index = 0) is programmed with a design that has no supported debug core(s) in it.
WARNING: [Labtools 27-3361] The debug hub core was not detected.
Resolution: 
1. Make sure the clock connected to the debug hub (dbg_hub) core is a free running clock and is active.
2. Make sure the BSCAN_SWITCH_USER_MASK device property in Vivado Hardware Manager reflects the user scan chain setting in the design and refresh the device.  To determine the user scan chain setting in the design, open the implemented design and use 'get_property C_USER_SCAN_CHAIN [get_debug_cores dbg_hub]'.
For more details on setting the scan chain property, consult the Vivado Debug and Programming User Guide (UG908).
exit
INFO: [Common 17-206] Exiting Vivado at Sat Mar 16 23:34:34 2024...
