INFO: [VRFC 10-2263] Analyzing Verilog file "C:/Users/Luo Zhiyang/OneDrive - National University of Singapore/Y2S2/EE2026/Project/MODS.xpr/MODS/MODS.srcs/sim_1/new/top_sim.v" into library xil_defaultlib
INFO: [VRFC 10-311] analyzing module top_sim
ERROR: [VRFC 10-1412] syntax error near Top_Student [C:/Users/Luo Zhiyang/OneDrive - National University of Singapore/Y2S2/EE2026/Project/MODS.xpr/MODS/MODS.srcs/sim_1/new/top_sim.v:35]
WARNING: [VRFC 10-2369] data object btnC is already declared [C:/Users/Luo Zhiyang/OneDrive - National University of Singapore/Y2S2/EE2026/Project/MODS.xpr/MODS/MODS.srcs/sim_1/new/top_sim.v:38]
ERROR: [VRFC 10-1350] second declaration of btnC ignored [C:/Users/Luo Zhiyang/OneDrive - National University of Singapore/Y2S2/EE2026/Project/MODS.xpr/MODS/MODS.srcs/sim_1/new/top_sim.v:38]
WARNING: [VRFC 10-2369] data object btnL is already declared [C:/Users/Luo Zhiyang/OneDrive - National University of Singapore/Y2S2/EE2026/Project/MODS.xpr/MODS/MODS.srcs/sim_1/new/top_sim.v:39]
ERROR: [VRFC 10-1350] second declaration of btnL ignored [C:/Users/Luo Zhiyang/OneDrive - National University of Singapore/Y2S2/EE2026/Project/MODS.xpr/MODS/MODS.srcs/sim_1/new/top_sim.v:39]
WARNING: [VRFC 10-2369] data object btnR is already declared [C:/Users/Luo Zhiyang/OneDrive - National University of Singapore/Y2S2/EE2026/Project/MODS.xpr/MODS/MODS.srcs/sim_1/new/top_sim.v:40]
ERROR: [VRFC 10-1350] second declaration of btnR ignored [C:/Users/Luo Zhiyang/OneDrive - National University of Singapore/Y2S2/EE2026/Project/MODS.xpr/MODS/MODS.srcs/sim_1/new/top_sim.v:40]
WARNING: [VRFC 10-2369] data object btnU is already declared [C:/Users/Luo Zhiyang/OneDrive - National University of Singapore/Y2S2/EE2026/Project/MODS.xpr/MODS/MODS.srcs/sim_1/new/top_sim.v:41]
ERROR: [VRFC 10-1350] second declaration of btnU ignored [C:/Users/Luo Zhiyang/OneDrive - National University of Singapore/Y2S2/EE2026/Project/MODS.xpr/MODS/MODS.srcs/sim_1/new/top_sim.v:41]
WARNING: [VRFC 10-2369] data object btnD is already declared [C:/Users/Luo Zhiyang/OneDrive - National University of Singapore/Y2S2/EE2026/Project/MODS.xpr/MODS/MODS.srcs/sim_1/new/top_sim.v:42]
ERROR: [VRFC 10-1350] second declaration of btnD ignored [C:/Users/Luo Zhiyang/OneDrive - National University of Singapore/Y2S2/EE2026/Project/MODS.xpr/MODS/MODS.srcs/sim_1/new/top_sim.v:42]
WARNING: [VRFC 10-2369] data object PS2Data is already declared [C:/Users/Luo Zhiyang/OneDrive - National University of Singapore/Y2S2/EE2026/Project/MODS.xpr/MODS/MODS.srcs/sim_1/new/top_sim.v:44]
ERROR: [VRFC 10-1350] second declaration of PS2Data ignored [C:/Users/Luo Zhiyang/OneDrive - National University of Singapore/Y2S2/EE2026/Project/MODS.xpr/MODS/MODS.srcs/sim_1/new/top_sim.v:44]
WARNING: [VRFC 10-2369] data object sw is already declared [C:/Users/Luo Zhiyang/OneDrive - National University of Singapore/Y2S2/EE2026/Project/MODS.xpr/MODS/MODS.srcs/sim_1/new/top_sim.v:45]
ERROR: [VRFC 10-1350] second declaration of sw ignored [C:/Users/Luo Zhiyang/OneDrive - National University of Singapore/Y2S2/EE2026/Project/MODS.xpr/MODS/MODS.srcs/sim_1/new/top_sim.v:45]
WARNING: [VRFC 10-2369] data object JB is already declared [C:/Users/Luo Zhiyang/OneDrive - National University of Singapore/Y2S2/EE2026/Project/MODS.xpr/MODS/MODS.srcs/sim_1/new/top_sim.v:46]
ERROR: [VRFC 10-1350] second declaration of JB ignored [C:/Users/Luo Zhiyang/OneDrive - National University of Singapore/Y2S2/EE2026/Project/MODS.xpr/MODS/MODS.srcs/sim_1/new/top_sim.v:46]
WARNING: [VRFC 10-2369] data object seg is already declared [C:/Users/Luo Zhiyang/OneDrive - National University of Singapore/Y2S2/EE2026/Project/MODS.xpr/MODS/MODS.srcs/sim_1/new/top_sim.v:47]
ERROR: [VRFC 10-1350] second declaration of seg ignored [C:/Users/Luo Zhiyang/OneDrive - National University of Singapore/Y2S2/EE2026/Project/MODS.xpr/MODS/MODS.srcs/sim_1/new/top_sim.v:47]
WARNING: [VRFC 10-2369] data object an is already declared [C:/Users/Luo Zhiyang/OneDrive - National University of Singapore/Y2S2/EE2026/Project/MODS.xpr/MODS/MODS.srcs/sim_1/new/top_sim.v:48]
ERROR: [VRFC 10-1350] second declaration of an ignored [C:/Users/Luo Zhiyang/OneDrive - National University of Singapore/Y2S2/EE2026/Project/MODS.xpr/MODS/MODS.srcs/sim_1/new/top_sim.v:48]
ERROR: [VRFC 10-1412] syntax error near ) [C:/Users/Luo Zhiyang/OneDrive - National University of Singapore/Y2S2/EE2026/Project/MODS.xpr/MODS/MODS.srcs/sim_1/new/top_sim.v:50]
ERROR: [VRFC 10-2787] module top_sim ignored due to previous errors [C:/Users/Luo Zhiyang/OneDrive - National University of Singapore/Y2S2/EE2026/Project/MODS.xpr/MODS/MODS.srcs/sim_1/new/top_sim.v:23]
